CRITICAL - 2025-03-10 05:12:33 --> number_format() expects parameter 1 to be float, string given
#0 [internal function]: CodeIgniter\Debug\Exceptions->errorHandler(2, 'number_format()...', 'G:\\My Drive\\ren...', 44, Array)
#1 G:\My Drive\rental kendaraan2\app\Views\historysewa.php(44): number_format('IDR 50.000', 0, ',', '.')
#2 G:\My Drive\rental kendaraan2\system\View\View.php(210): include('G:\\My Drive\\ren...')
#3 G:\My Drive\rental kendaraan2\system\View\View.php(213): CodeIgniter\View\View->CodeIgniter\View\{closure}()
#4 G:\My Drive\rental kendaraan2\system\Common.php(1089): CodeIgniter\View\View->render('historysewa', Array, true)
#5 G:\My Drive\rental kendaraan2\app\Controllers\Home.php(329): view('historysewa', Array)
#6 G:\My Drive\rental kendaraan2\system\CodeIgniter.php(832): App\Controllers\Home->historysewa()
#7 G:\My Drive\rental kendaraan2\system\CodeIgniter.php(419): CodeIgniter\CodeIgniter->runController(Object(App\Controllers\Home))
#8 G:\My Drive\rental kendaraan2\system\CodeIgniter.php(326): CodeIgniter\CodeIgniter->handleRequest(NULL, Object(Config\Cache), false)
#9 G:\My Drive\rental kendaraan2\public\index.php(37): CodeIgniter\CodeIgniter->run()
#10 G:\My Drive\rental kendaraan2\system\Commands\Server\rewrite.php(43): require_once('G:\\My Drive\\ren...')
#11 {main}
CRITICAL - 2025-03-10 05:13:16 --> number_format() expects parameter 1 to be float, string given
#0 [internal function]: CodeIgniter\Debug\Exceptions->errorHandler(2, 'number_format()...', 'G:\\My Drive\\ren...', 44, Array)
#1 G:\My Drive\rental kendaraan2\app\Views\historysewa.php(44): number_format('IDR 50.000', 0, ',', '.')
#2 G:\My Drive\rental kendaraan2\system\View\View.php(210): include('G:\\My Drive\\ren...')
#3 G:\My Drive\rental kendaraan2\system\View\View.php(213): CodeIgniter\View\View->CodeIgniter\View\{closure}()
#4 G:\My Drive\rental kendaraan2\system\Common.php(1089): CodeIgniter\View\View->render('historysewa', Array, true)
#5 G:\My Drive\rental kendaraan2\app\Controllers\Home.php(329): view('historysewa', Array)
#6 G:\My Drive\rental kendaraan2\system\CodeIgniter.php(832): App\Controllers\Home->historysewa()
#7 G:\My Drive\rental kendaraan2\system\CodeIgniter.php(419): CodeIgniter\CodeIgniter->runController(Object(App\Controllers\Home))
#8 G:\My Drive\rental kendaraan2\system\CodeIgniter.php(326): CodeIgniter\CodeIgniter->handleRequest(NULL, Object(Config\Cache), false)
#9 G:\My Drive\rental kendaraan2\public\index.php(37): CodeIgniter\CodeIgniter->run()
#10 G:\My Drive\rental kendaraan2\system\Commands\Server\rewrite.php(43): require_once('G:\\My Drive\\ren...')
#11 {main}
CRITICAL - 2025-03-10 05:24:37 --> number_format() expects parameter 1 to be float, string given
#0 [internal function]: CodeIgniter\Debug\Exceptions->errorHandler(2, 'number_format()...', 'G:\\My Drive\\ren...', 44, Array)
#1 G:\My Drive\rental kendaraan2\app\Views\historysewa.php(44): number_format('IDR 50.000', 0, ',', '.')
#2 G:\My Drive\rental kendaraan2\system\View\View.php(210): include('G:\\My Drive\\ren...')
#3 G:\My Drive\rental kendaraan2\system\View\View.php(213): CodeIgniter\View\View->CodeIgniter\View\{closure}()
#4 G:\My Drive\rental kendaraan2\system\Common.php(1089): CodeIgniter\View\View->render('historysewa', Array, true)
#5 G:\My Drive\rental kendaraan2\app\Controllers\Home.php(329): view('historysewa', Array)
#6 G:\My Drive\rental kendaraan2\system\CodeIgniter.php(832): App\Controllers\Home->historysewa()
#7 G:\My Drive\rental kendaraan2\system\CodeIgniter.php(419): CodeIgniter\CodeIgniter->runController(Object(App\Controllers\Home))
#8 G:\My Drive\rental kendaraan2\system\CodeIgniter.php(326): CodeIgniter\CodeIgniter->handleRequest(NULL, Object(Config\Cache), false)
#9 G:\My Drive\rental kendaraan2\public\index.php(37): CodeIgniter\CodeIgniter->run()
#10 G:\My Drive\rental kendaraan2\system\Commands\Server\rewrite.php(43): require_once('G:\\My Drive\\ren...')
#11 {main}
CRITICAL - 2025-03-10 05:34:25 --> Class 'App\Controllers\M_belaar' not found
#0 G:\My Drive\rental kendaraan2\system\CodeIgniter.php(832): App\Controllers\Home->historysewa()
#1 G:\My Drive\rental kendaraan2\system\CodeIgniter.php(419): CodeIgniter\CodeIgniter->runController(Object(App\Controllers\Home))
#2 G:\My Drive\rental kendaraan2\system\CodeIgniter.php(326): CodeIgniter\CodeIgniter->handleRequest(NULL, Object(Config\Cache), false)
#3 G:\My Drive\rental kendaraan2\public\index.php(37): CodeIgniter\CodeIgniter->run()
#4 G:\My Drive\rental kendaraan2\system\Commands\Server\rewrite.php(43): require_once('G:\\My Drive\\ren...')
#5 {main}
CRITICAL - 2025-03-10 23:45:09 --> syntax error, unexpected '=>' (T_DOUBLE_ARROW)
#0 G:\My Drive\rental kendaraan2\system\Router\Router.php(175): CodeIgniter\Router\Router->autoRoute('home/dashboard')
#1 G:\My Drive\rental kendaraan2\system\CodeIgniter.php(726): CodeIgniter\Router\Router->handle('home/dashboard')
#2 G:\My Drive\rental kendaraan2\system\CodeIgniter.php(368): CodeIgniter\CodeIgniter->tryToRouteIt(Object(CodeIgniter\Router\RouteCollection))
#3 G:\My Drive\rental kendaraan2\system\CodeIgniter.php(326): CodeIgniter\CodeIgniter->handleRequest(NULL, Object(Config\Cache), false)
#4 G:\My Drive\rental kendaraan2\public\index.php(37): CodeIgniter\CodeIgniter->run()
#5 G:\My Drive\rental kendaraan2\system\Commands\Server\rewrite.php(43): require_once('G:\\My Drive\\ren...')
#6 {main}
CRITICAL - 2025-03-10 23:45:42 --> syntax error, unexpected '=>' (T_DOUBLE_ARROW)
#0 G:\My Drive\rental kendaraan2\system\Router\Router.php(175): CodeIgniter\Router\Router->autoRoute('home/dashboard')
#1 G:\My Drive\rental kendaraan2\system\CodeIgniter.php(726): CodeIgniter\Router\Router->handle('home/dashboard')
#2 G:\My Drive\rental kendaraan2\system\CodeIgniter.php(368): CodeIgniter\CodeIgniter->tryToRouteIt(Object(CodeIgniter\Router\RouteCollection))
#3 G:\My Drive\rental kendaraan2\system\CodeIgniter.php(326): CodeIgniter\CodeIgniter->handleRequest(NULL, Object(Config\Cache), false)
#4 G:\My Drive\rental kendaraan2\public\index.php(37): CodeIgniter\CodeIgniter->run()
#5 G:\My Drive\rental kendaraan2\system\Commands\Server\rewrite.php(43): require_once('G:\\My Drive\\ren...')
#6 {main}
CRITICAL - 2025-03-10 23:48:14 --> syntax error, unexpected 'else' (T_ELSE), expecting function (T_FUNCTION) or const (T_CONST)
#0 G:\My Drive\rental kendaraan2\system\Router\Router.php(175): CodeIgniter\Router\Router->autoRoute('home/dashboard')
#1 G:\My Drive\rental kendaraan2\system\CodeIgniter.php(726): CodeIgniter\Router\Router->handle('home/dashboard')
#2 G:\My Drive\rental kendaraan2\system\CodeIgniter.php(368): CodeIgniter\CodeIgniter->tryToRouteIt(Object(CodeIgniter\Router\RouteCollection))
#3 G:\My Drive\rental kendaraan2\system\CodeIgniter.php(326): CodeIgniter\CodeIgniter->handleRequest(NULL, Object(Config\Cache), false)
#4 G:\My Drive\rental kendaraan2\public\index.php(37): CodeIgniter\CodeIgniter->run()
#5 G:\My Drive\rental kendaraan2\system\Commands\Server\rewrite.php(43): require_once('G:\\My Drive\\ren...')
#6 {main}
CRITICAL - 2025-03-10 23:49:04 --> syntax error, unexpected 'else' (T_ELSE), expecting function (T_FUNCTION) or const (T_CONST)
#0 G:\My Drive\rental kendaraan2\system\Router\Router.php(175): CodeIgniter\Router\Router->autoRoute('home/dashboard')
#1 G:\My Drive\rental kendaraan2\system\CodeIgniter.php(726): CodeIgniter\Router\Router->handle('home/dashboard')
#2 G:\My Drive\rental kendaraan2\system\CodeIgniter.php(368): CodeIgniter\CodeIgniter->tryToRouteIt(Object(CodeIgniter\Router\RouteCollection))
#3 G:\My Drive\rental kendaraan2\system\CodeIgniter.php(326): CodeIgniter\CodeIgniter->handleRequest(NULL, Object(Config\Cache), false)
#4 G:\My Drive\rental kendaraan2\public\index.php(37): CodeIgniter\CodeIgniter->run()
#5 G:\My Drive\rental kendaraan2\system\Commands\Server\rewrite.php(43): require_once('G:\\My Drive\\ren...')
#6 {main}
CRITICAL - 2025-03-10 23:49:20 --> syntax error, unexpected 'public' (T_PUBLIC)
#0 G:\My Drive\rental kendaraan2\system\Router\Router.php(175): CodeIgniter\Router\Router->autoRoute('home/dashboard')
#1 G:\My Drive\rental kendaraan2\system\CodeIgniter.php(726): CodeIgniter\Router\Router->handle('home/dashboard')
#2 G:\My Drive\rental kendaraan2\system\CodeIgniter.php(368): CodeIgniter\CodeIgniter->tryToRouteIt(Object(CodeIgniter\Router\RouteCollection))
#3 G:\My Drive\rental kendaraan2\system\CodeIgniter.php(326): CodeIgniter\CodeIgniter->handleRequest(NULL, Object(Config\Cache), false)
#4 G:\My Drive\rental kendaraan2\public\index.php(37): CodeIgniter\CodeIgniter->run()
#5 G:\My Drive\rental kendaraan2\system\Commands\Server\rewrite.php(43): require_once('G:\\My Drive\\ren...')
#6 {main}
CRITICAL - 2025-03-10 23:50:31 --> Call to undefined method App\Models\M_belajar::getDeletedKendaraan
#0 G:\My Drive\rental kendaraan2\app\Controllers\Home.php(172): CodeIgniter\Model->__call('getDeletedKenda...', Array)
#1 G:\My Drive\rental kendaraan2\system\CodeIgniter.php(832): App\Controllers\Home->tabelkendaraan()
#2 G:\My Drive\rental kendaraan2\system\CodeIgniter.php(419): CodeIgniter\CodeIgniter->runController(Object(App\Controllers\Home))
#3 G:\My Drive\rental kendaraan2\system\CodeIgniter.php(326): CodeIgniter\CodeIgniter->handleRequest(NULL, Object(Config\Cache), false)
#4 G:\My Drive\rental kendaraan2\public\index.php(37): CodeIgniter\CodeIgniter->run()
#5 G:\My Drive\rental kendaraan2\system\Commands\Server\rewrite.php(43): require_once('G:\\My Drive\\ren...')
#6 {main}
