CRITICAL - 2025-04-10 02:45:59 --> Too few arguments to function App\Controllers\Home::logActivity(), 1 passed in G:\My Drive\rental kendaraan2\app\Controllers\Home.php on line 195 and exactly 2 expected
#0 G:\My Drive\rental kendaraan2\app\Controllers\Home.php(195): App\Controllers\Home->logActivity('Mengakses Tabel...')
#1 G:\My Drive\rental kendaraan2\system\CodeIgniter.php(832): App\Controllers\Home->tabelkendaraan()
#2 G:\My Drive\rental kendaraan2\system\CodeIgniter.php(419): CodeIgniter\CodeIgniter->runController(Object(App\Controllers\Home))
#3 G:\My Drive\rental kendaraan2\system\CodeIgniter.php(326): CodeIgniter\CodeIgniter->handleRequest(NULL, Object(Config\Cache), false)
#4 G:\My Drive\rental kendaraan2\public\index.php(37): CodeIgniter\CodeIgniter->run()
#5 G:\My Drive\rental kendaraan2\system\Commands\Server\rewrite.php(43): require_once('G:\\My Drive\\ren...')
#6 {main}
CRITICAL - 2025-04-10 02:46:23 --> Invalid argument supplied for foreach()
#0 G:\My Drive\rental kendaraan2\app\Views\tabelpelanggan.php(80): CodeIgniter\Debug\Exceptions->errorHandler(2, 'Invalid argumen...', 'G:\\My Drive\\ren...', 80, Array)
#1 G:\My Drive\rental kendaraan2\system\View\View.php(210): include('G:\\My Drive\\ren...')
#2 G:\My Drive\rental kendaraan2\system\View\View.php(213): CodeIgniter\View\View->CodeIgniter\View\{closure}()
#3 G:\My Drive\rental kendaraan2\system\Common.php(1089): CodeIgniter\View\View->render('tabelpelanggan', Array, true)
#4 G:\My Drive\rental kendaraan2\app\Controllers\Home.php(312): view('tabelpelanggan', Array)
#5 G:\My Drive\rental kendaraan2\system\CodeIgniter.php(832): App\Controllers\Home->tabelpelanggan()
#6 G:\My Drive\rental kendaraan2\system\CodeIgniter.php(419): CodeIgniter\CodeIgniter->runController(Object(App\Controllers\Home))
#7 G:\My Drive\rental kendaraan2\system\CodeIgniter.php(326): CodeIgniter\CodeIgniter->handleRequest(NULL, Object(Config\Cache), false)
#8 G:\My Drive\rental kendaraan2\public\index.php(37): CodeIgniter\CodeIgniter->run()
#9 G:\My Drive\rental kendaraan2\system\Commands\Server\rewrite.php(43): require_once('G:\\My Drive\\ren...')
#10 {main}
CRITICAL - 2025-04-10 02:46:38 --> Too few arguments to function App\Controllers\Home::logActivity(), 1 passed in G:\My Drive\rental kendaraan2\app\Controllers\Home.php on line 195 and exactly 2 expected
#0 G:\My Drive\rental kendaraan2\app\Controllers\Home.php(195): App\Controllers\Home->logActivity('Mengakses Tabel...')
#1 G:\My Drive\rental kendaraan2\system\CodeIgniter.php(832): App\Controllers\Home->tabelkendaraan()
#2 G:\My Drive\rental kendaraan2\system\CodeIgniter.php(419): CodeIgniter\CodeIgniter->runController(Object(App\Controllers\Home))
#3 G:\My Drive\rental kendaraan2\system\CodeIgniter.php(326): CodeIgniter\CodeIgniter->handleRequest(NULL, Object(Config\Cache), false)
#4 G:\My Drive\rental kendaraan2\public\index.php(37): CodeIgniter\CodeIgniter->run()
#5 G:\My Drive\rental kendaraan2\system\Commands\Server\rewrite.php(43): require_once('G:\\My Drive\\ren...')
#6 {main}
