CRITICAL - 2025-03-02 23:54:28 --> Invalid argument supplied for foreach()
#0 G:\My Drive\rental kendaraan2\app\Views\dashboard.php(79): CodeIgniter\Debug\Exceptions->errorHandler(2, 'Invalid argumen...', 'G:\\My Drive\\ren...', 79, Array)
#1 G:\My Drive\rental kendaraan2\system\View\View.php(210): include('G:\\My Drive\\ren...')
#2 G:\My Drive\rental kendaraan2\system\View\View.php(213): CodeIgniter\View\View->CodeIgniter\View\{closure}()
#3 G:\My Drive\rental kendaraan2\system\Common.php(1089): CodeIgniter\View\View->render('dashboard', Array, true)
#4 G:\My Drive\rental kendaraan2\app\Controllers\Home.php(15): view('dashboard')
#5 G:\My Drive\rental kendaraan2\system\CodeIgniter.php(832): App\Controllers\Home->dashboard()
#6 G:\My Drive\rental kendaraan2\system\CodeIgniter.php(419): CodeIgniter\CodeIgniter->runController(Object(App\Controllers\Home))
#7 G:\My Drive\rental kendaraan2\system\CodeIgniter.php(326): CodeIgniter\CodeIgniter->handleRequest(NULL, Object(Config\Cache), false)
#8 G:\My Drive\rental kendaraan2\public\index.php(37): CodeIgniter\CodeIgniter->run()
#9 G:\My Drive\rental kendaraan2\system\Commands\Server\rewrite.php(43): require_once('G:\\My Drive\\ren...')
#10 {main}
CRITICAL - 2025-03-02 23:58:30 --> Invalid argument supplied for foreach()
#0 G:\My Drive\rental kendaraan2\app\Views\dashboard.php(79): CodeIgniter\Debug\Exceptions->errorHandler(2, 'Invalid argumen...', 'G:\\My Drive\\ren...', 79, Array)
#1 G:\My Drive\rental kendaraan2\system\View\View.php(210): include('G:\\My Drive\\ren...')
#2 G:\My Drive\rental kendaraan2\system\View\View.php(213): CodeIgniter\View\View->CodeIgniter\View\{closure}()
#3 G:\My Drive\rental kendaraan2\system\Common.php(1089): CodeIgniter\View\View->render('dashboard', Array, true)
#4 G:\My Drive\rental kendaraan2\app\Controllers\Home.php(15): view('dashboard')
#5 G:\My Drive\rental kendaraan2\system\CodeIgniter.php(832): App\Controllers\Home->dashboard()
#6 G:\My Drive\rental kendaraan2\system\CodeIgniter.php(419): CodeIgniter\CodeIgniter->runController(Object(App\Controllers\Home))
#7 G:\My Drive\rental kendaraan2\system\CodeIgniter.php(326): CodeIgniter\CodeIgniter->handleRequest(NULL, Object(Config\Cache), false)
#8 G:\My Drive\rental kendaraan2\public\index.php(37): CodeIgniter\CodeIgniter->run()
#9 G:\My Drive\rental kendaraan2\system\Commands\Server\rewrite.php(43): require_once('G:\\My Drive\\ren...')
#10 {main}
